sequenceNumberBase37619
37633
37637
37640
37642
37644
37645
37646
37647
37649
37654
37655
37658
37659
37666
37673
37674
37676
37677
37680
37681
37683
37684
37688
37689
37692
37696
37698
37699
37700
37701
37704
37705
37706
37710
37711
37714
37715
37718
37719
37723
37724
37725
37729
37730
37731
37733
37734
37735
37737
37738
37740
37743
37745
37746
37747
37748
37751
37753
37754
37755
37756
37758
37759
37761
37762
37766
37768
37769
37770
37771
37772
37773
37774
37775
37776
37778
37780
37781
37782
37783
37785
37786
37787
37789
37792
37793
37794
37795
37796
37797
37798
37799
37800
37801
37804
37805
37806
37807
37808
37809
37810
37811
37812
37813
37814
37815
37816
37817
37819
37820
37821
37822
37823
37824
37826
37827
37828
37829
37830
37832
37833
37834
37835
37836
37840
37842
37843
37845
37846
37847
37848
37849
37850
37851
37852
37853
37854
37855
37856
37857
37858
37859
37860
37861
37862
37863
37864
37865
37866
37867
37868
37869
37870
37871
37873
37874
37875
37876
37877
37878
37879
37881
37883
37884
37885
37888
37889
37891
37892
37894
37895
37896
37897
37898
37899
37900
37902
37903
37904
37905
37906
37907
37908
37909
37910
37911
37912
37913
37914
37916
37917
37918
37919
37920
37921
37922
37923
37924
37925
37926
37927
37928
37930
37931
37932
37933
37934
37935
37936
37937
37938
37939
37940
37941
37942
37943
37944
37945
37946
37947
37948
37949
37950
37951
37952
37953
37954
37955
37956
37957
37958
37959
37960
37961
37962
37963
37964
37965
37966
37967
37968
37969
37970
37971
37972
37973
37974
37975
37976
37977
37978
37979
37980
37981
37982
37983
37984
37985
37986
37987
37988
37989
37990
37991
37992
37993
37994
37995
37996
37997
37998
37999
38000
38001
38003
38004
38005
38006
38007
38008
38009
38010
38011
38012
38013
38014
38015
38016
38017
38018
38020
38021
38022
38023
38024
38025
38026
38027
38028
38029
38030
38031
38032
38033
38034
38035
38037
38038
38039
38040
38042
38043
38044
38046
38047
38048
38049
38051
38052
38053
38054
38055
38056
38057
38058
38059
38060
38061
38062
38063
38064
38065
38066
38067
38068
38069
38070
38071
38072
38073
38074
38075
38077
38078
38079
38080
38081
38082
38083
38084
38085
38086
38087
38088
38089
38090
38091
38092
38093
38094
38095
38096
38097
38098
38099
38100
38101
38102
38103
38104
38105
38106
38107
38109
38110
38111
38112
38113
38114
38115
38116
38117
38118
38119
38120
38121
38122
38123
38124
38125
38126
38127
38128
38129
38130
38131
38132
38133
38134
38135
38136
38137
38138
38139
38140
38141
38142
38144
38145
38146
38147
38148
38149
38150
38151
38152
38153
38154
38155
38156
38157
38158
38159
38160
38161
38162
38163
38164
38165
38166
38167
38168
38169
38170
38171
38172
38173
38174
38175
38176
38177
38178
38179
38180
38181
38182
38183
38184
38185
38186
38187
38188
38189
38190
38191
38192
38193
38194
38195
38196
38197
38198
38199
38200
38201
38202
38203
38204
38205
38206
38207
38208
38209
38210
38211
38212
38213
38214
38215
38216
38217
38218
38219
38220
38221
38222
38223
38224
38225
38226
38227
38228
38229
38230
38231
38232
38233
38234
38235
38236
38237
38238
38239
38240
38241
38242
38243
38244
38245
38246
38247
38248
38249
38250
38251
38252
38253
38254
38255
38256
38257
38258
38259
38260
38261
38262
38263
38264
38265
38266
38267
38268
38269
38270
38271
38272
38273
38274
38275
38276
38277
38278
38279
38280
38281
38282
38283
38284
38285
38286
38287
38288
38289
38290
38291
38292
38293
38294
38295
38296
38297
38298
38299
38300
38301
38302
38303
38304
38305
38306
38307
38308
38309
38310
38311
38312
38313
38314
38315
38316
38317
38318
38319
38320
38321
38322
38323
38324
38325
38326
38327
38328
38329
38330
38331
38332
38333
38334
38335
38336
38337
38338
38339
38340
38341
38342
38343
38344
38345
38346
38347
38348
38349
38350
38351
38352
38353
38354
38355
38356
38357
38358
38359
38360
38361
38362
38363
38364
38365
38366
38367
38368
38369
38370
38371
38372
38373
38374
38375
38376
38377
38378
38379
38380
38381
38382
38383
38384
38385
38386
38387
38388
38389
38390
38391
38392
38393
38394
38395
38396
38397
38398
38399
38400
38401
38402
38403
38404
38405
38406
38407
38408
38409
38410
38411
38412
38413
38414
38415
38416
38417
38418
38419
38420
38421
38422
38423
38424
38425
38426
38427
38428
38429
38431
38432
38433
38434
38435
38436
38437
38438
38439
38440
38441
38442
38443
38444
38445
38446
38447
38448
38449
38450
38451
38452
38453
38454
38455
38456
38457
38458
38459
38460
38461
38462
38463
38464
38465
38466
38467
38468
38469
38470
38471
38472
38473
38474
38475
38476
38477
38478
38479
38480
38481
38482
38483
38484
38485
38486
38487
38488
38489
38490
38491
38492
38493
38494
38495
38496
38498
38499
38500
38502
38504
38506
38508
38510
38512
38514
38516
38518
38520
38522
38524
38526
38528
38530
38532
38534
38536
38538
38540
38542
38544
38546
38547
38548
38550
38552
38554
38556
38558
38560
38562
38564
38565
38566
38568
38570
38572
38573
38574
38576
38578
38580
38581
38582
38583
38584
38585
38586
38588
38589
38590
38591
38592
38594
38595
38596
38598
38599
38600
38602
38604
38606
38608
38609
38610
38611
38612
38613
38614
38616
38617
38618
38620
38622
38623
38624
38625
38626
38628
38629
38630
38632
38634
38635
38636
38638
38640
38642
38644
38646
38647
38648
38649
38650
38651
38652
38654
38656
38657
38658
38659
38660
38662
38663
38664
38665
38666
38667
38668
38669
38670
38671
38672
38673
38674
38675
38676
38678
38679
38680
38681
38682
38683
38684
38685
38686
38687
38688
38690
38691
38692
38694
38696
38697
38698
38699
38700
38701
38702
38704
38706
38708
38709
38710
38711
38712
38714
38715
38716
38717
38718
38720
38721
38722
38723
38724
38725
38726
38727
38728
38730
